<?xml version="1.0" encoding="UTF-8"?><testsuite errors="1" failures="0" name="Operar calculadora" skipped="0" tests="1" time="64.23" timestamp="2020-06-10 08:19:43"><testcase name="Operacion Suma"><error message="The following error occurred: An unknown server-side error occurred while processing the command. Original error: java.lang.IllegalArgumentException: Namespace with prefix 'com.android.calculator2' has not been declared.&#10;Build info: version: '3.141.59', revision: 'e82be7d358', time: '2018-11-14T08:17:03'&#10;System info: host: 'DESKTOP-VNOBOI4', ip: '10.99.26.20', os.name: 'Windows 10', os.arch: 'amd64', os.version: '10.0', java.version: '11.0.4'&#10;Driver info: io.appium.java_client.android.AndroidDriver&#10;Capabilities {app: , appActivity: com.android.calculator2.Cal..., appPackage: com.android.calculator2, autoGrantPermissions: true, automationName: uiautomator2, clearDeviceLogsOnStart: true, databaseEnabled: false, desired: {app: , appActivity: com.android.calculator2.Cal..., appPackage: com.android.calculator2, autoGrantPermissions: true, automationName: uiautomator2, clearDeviceLogsOnStart: true, deviceName: emulator-5554, hub: http://127.0.0.1:4723/wd/hub/, newCommandTimeout: 30, platformName: android, platformVersion: 9.0}, deviceApiLevel: 28, deviceManufacturer: Google, deviceModel: AOSP on IA Emulator, deviceName: emulator-5554, deviceScreenDensity: 420, deviceScreenSize: 1080x1920, deviceUDID: emulator-5554, hub: http://127.0.0.1:4723/wd/hub/, javascriptEnabled: true, locationContextEnabled: false, networkConnectionEnabled: true, newCommandTimeout: 30, pixelRatio: 2.625, platform: LINUX, platformName: Android, platformVersion: 9, statBarHeight: 63, takesScreenshot: true, viewportRect: {height: 1731, left: 0, top: 63, width: 1080}, warnings: {}, webStorageEnabled: false}&#10;Session ID: 698673bb-ab79-4dc2-ae5d-e2ed62e89936&#10;*** Element info: {Using=xpath, value=com.android.calculator2:id/digit_5}&#10;Build info: version: '3.141.59', revision: 'e82be7d358', time: '2018-11-14T08:17:03'&#10;System info: host: 'DESKTOP-VNOBOI4', ip: '10.99.26.20', os.name: 'Windows 10', os.arch: 'amd64', os.version: '10.0', java.version: '11.0.4'&#10;Driver info: driver.version: AndroidDriver" type="org.openqa.selenium.WebDriverException">The following error occurred: An unknown server-side error occurred while processing the command. Original error: java.lang.IllegalArgumentException: Namespace with prefix 'com.android.calculator2' has not been declared.
Build info: version: '3.141.59', revision: 'e82be7d358', time: '2018-11-14T08:17:03'
System info: host: 'DESKTOP-VNOBOI4', ip: '10.99.26.20', os.name: 'Windows 10', os.arch: 'amd64', os.version: '10.0', java.version: '11.0.4'
Driver info: io.appium.java_client.android.AndroidDriver
Capabilities {app: , appActivity: com.android.calculator2.Cal..., appPackage: com.android.calculator2, autoGrantPermissions: true, automationName: uiautomator2, clearDeviceLogsOnStart: true, databaseEnabled: false, desired: {app: , appActivity: com.android.calculator2.Cal..., appPackage: com.android.calculator2, autoGrantPermissions: true, automationName: uiautomator2, clearDeviceLogsOnStart: true, deviceName: emulator-5554, hub: http://127.0.0.1:4723/wd/hub/, newCommandTimeout: 30, platformName: android, platformVersion: 9.0}, deviceApiLevel: 28, deviceManufacturer: Google, deviceModel: AOSP on IA Emulator, deviceName: emulator-5554, deviceScreenDensity: 420, deviceScreenSize: 1080x1920, deviceUDID: emulator-5554, hub: http://127.0.0.1:4723/wd/hub/, javascriptEnabled: true, locationContextEnabled: false, networkConnectionEnabled: true, newCommandTimeout: 30, pixelRatio: 2.625, platform: LINUX, platformName: Android, platformVersion: 9, statBarHeight: 63, takesScreenshot: true, viewportRect: {height: 1731, left: 0, top: 63, width: 1080}, warnings: {}, webStorageEnabled: false}
Session ID: 698673bb-ab79-4dc2-ae5d-e2ed62e89936
*** Element info: {Using=xpath, value=com.android.calculator2:id/digit_5}
Build info: version: '3.141.59', revision: 'e82be7d358', time: '2018-11-14T08:17:03'
System info: host: 'DESKTOP-VNOBOI4', ip: '10.99.26.20', os.name: 'Windows 10', os.arch: 'amd64', os.version: '10.0', java.version: '11.0.4'
Driver info: driver.version: AndroidDriver</error><system-err>The following error occurred: An unknown server-side error occurred while processing the command. Original error: java.lang.IllegalArgumentException: Namespace with prefix 'com.android.calculator2' has not been declared.
Build info: version: '3.141.59', revision: 'e82be7d358', time: '2018-11-14T08:17:03'
System info: host: 'DESKTOP-VNOBOI4', ip: '10.99.26.20', os.name: 'Windows 10', os.arch: 'amd64', os.version: '10.0', java.version: '11.0.4'
Driver info: io.appium.java_client.android.AndroidDriver
Capabilities {app: , appActivity: com.android.calculator2.Cal..., appPackage: com.android.calculator2, autoGrantPermissions: true, automationName: uiautomator2, clearDeviceLogsOnStart: true, databaseEnabled: false, desired: {app: , appActivity: com.android.calculator2.Cal..., appPackage: com.android.calculator2, autoGrantPermissions: true, automationName: uiautomator2, clearDeviceLogsOnStart: true, deviceName: emulator-5554, hub: http://127.0.0.1:4723/wd/hub/, newCommandTimeout: 30, platformName: android, platformVersion: 9.0}, deviceApiLevel: 28, deviceManufacturer: Google, deviceModel: AOSP on IA Emulator, deviceName: emulator-5554, deviceScreenDensity: 420, deviceScreenSize: 1080x1920, deviceUDID: emulator-5554, hub: http://127.0.0.1:4723/wd/hub/, javascriptEnabled: true, locationContextEnabled: false, networkConnectionEnabled: true, newCommandTimeout: 30, pixelRatio: 2.625, platform: LINUX, platformName: Android, platformVersion: 9, statBarHeight: 63, takesScreenshot: true, viewportRect: {height: 1731, left: 0, top: 63, width: 1080}, warnings: {}, webStorageEnabled: false}
Session ID: 698673bb-ab79-4dc2-ae5d-e2ed62e89936
*** Element info: {Using=xpath, value=com.android.calculator2:id/digit_5}
Build info: version: '3.141.59', revision: 'e82be7d358', time: '2018-11-14T08:17:03'
System info: host: 'DESKTOP-VNOBOI4', ip: '10.99.26.20', os.name: 'Windows 10', os.arch: 'amd64', os.version: '10.0', java.version: '11.0.4'
Driver info: driver.version: AndroidDriver&#13;
io.appium.java_client.remote.AppiumCommandExecutor.execute(AppiumCommandExecutor.java:239)&#13;
io.appium.java_client.DefaultGenericMobileDriver.execute(DefaultGenericMobileDriver.java:42)&#13;
io.appium.java_client.AppiumDriver.execute(AppiumDriver.java:1)&#13;
io.appium.java_client.android.AndroidDriver.execute(AndroidDriver.java:1)&#13;
io.appium.java_client.DefaultGenericMobileDriver.findElement(DefaultGenericMobileDriver.java:62)&#13;
io.appium.java_client.AppiumDriver.findElement(AppiumDriver.java:1)&#13;
io.appium.java_client.android.AndroidDriver.findElement(AndroidDriver.java:1)&#13;
io.appium.java_client.DefaultGenericMobileDriver.findElementByXPath(DefaultGenericMobileDriver.java:152)&#13;
io.appium.java_client.AppiumDriver.findElementByXPath(AppiumDriver.java:1)&#13;
io.appium.java_client.android.AndroidDriver.findElementByXPath(AndroidDriver.java:1)&#13;
io.appium.java_client.DefaultGenericMobileDriver.findElement(DefaultGenericMobileDriver.java:58)&#13;
io.appium.java_client.AppiumDriver.findElement(AppiumDriver.java:1)&#13;
io.appium.java_client.android.AndroidDriver.findElement(AndroidDriver.java:1)&#13;
co.com.defex.pages.CalculadoraPage.seleccionarNumero(CalculadoraPage.java:19)&#13;
co.com.defex.steps.CalculadoraStep.sumar(CalculadoraStep.java:13)&#13;
co.com.defex.definitions.CalculadoraDefinition.sumoLosNumero(CalculadoraDefinition.java:14)&#13;
cucumber.runner.Runner.runPickle(Runner.java:80)&#13;
</system-err></testcase></testsuite>